[INFO] Scanning for projects...
[INFO] 
[INFO] -------------------< com.sparepartshop:api-gateway >--------------------
[INFO] Building  0.0.1-SNAPSHOT
[INFO]   from pom.xml
[INFO] --------------------------------[ jar ]---------------------------------
[INFO] 
[INFO] >>> spring-boot:3.5.13:run (default-cli) > test-compile @ api-gateway >>>
[INFO] 
[INFO] --- resources:3.3.1:resources (default-resources) @ api-gateway ---
[INFO] Copying 1 resource from src/main/resources to target/classes
[INFO] Copying 0 resource from src/main/resources to target/classes
[INFO] 
[INFO] --- compiler:3.14.1:compile (default-compile) @ api-gateway ---
[INFO] Recompiling the module because of changed source code.
[INFO] Compiling 3 source files with javac [debug parameters release 17] to target/classes
[INFO] 
[INFO] --- resources:3.3.1:testResources (default-testResources) @ api-gateway ---
[INFO] skip non existing resourceDirectory /home/vidit/Desktop/Microservices/api-gateway/src/test/resources
[INFO] 
[INFO] --- compiler:3.14.1:testCompile (default-testCompile) @ api-gateway ---
[INFO] Recompiling the module because of changed dependency.
[INFO] Compiling 1 source file with javac [debug parameters release 17] to target/test-classes
[INFO] 
[INFO] <<< spring-boot:3.5.13:run (default-cli) < test-compile @ api-gateway <<<
[INFO] 
[INFO] 
[INFO] --- spring-boot:3.5.13:run (default-cli) @ api-gateway ---
[INFO] Attaching agents: []

  .   ____          _            __ _ _
 /\\ / ___'_ __ _ _(_)_ __  __ _ \ \ \ \
( ( )\___ | '_ | '_| | '_ \/ _` | \ \ \ \
 \\/  ___)| |_)| | | | | || (_| |  ) ) ) )
  '  |____| .__|_| |_|_| |_\__, | / / / /
 =========|_|==============|___/=/_/_/_/

 :: Spring Boot ::               (v3.5.13)

2026-04-22T20:42:00.154+05:30  INFO 289757 --- [api-gateway] [           main] c.s.api_gateway.ApiGatewayApplication    : Starting ApiGatewayApplication using Java 17.0.18 with PID 289757 (/home/vidit/Desktop/Microservices/api-gateway/target/classes started by vidit in /home/vidit/Desktop/Microservices/api-gateway)
2026-04-22T20:42:00.155+05:30  INFO 289757 --- [api-gateway] [           main] c.s.api_gateway.ApiGatewayApplication    : No active profile set, falling back to 1 default profile: "default"
2026-04-22T20:42:00.802+05:30  INFO 289757 --- [api-gateway] [           main] o.s.cloud.context.scope.GenericScope     : BeanFactory id=69023962-0276-3653-9fca-0f1854cc8d9a
2026-04-22T20:42:00.943+05:30  INFO 289757 --- [api-gateway] [           main] o.s.b.w.embedded.tomcat.TomcatWebServer  : Tomcat initialized with port 8080 (http)
2026-04-22T20:42:00.951+05:30  INFO 289757 --- [api-gateway] [           main] o.apache.catalina.core.StandardService   : Starting service [Tomcat]
2026-04-22T20:42:00.951+05:30  INFO 289757 --- [api-gateway] [           main] o.apache.catalina.core.StandardEngine    : Starting Servlet engine: [Apache Tomcat/10.1.53]
2026-04-22T20:42:00.981+05:30  INFO 289757 --- [api-gateway] [           main] o.a.c.c.C.[Tomcat].[localhost].[/]       : Initializing Spring embedded WebApplicationContext
2026-04-22T20:42:00.981+05:30  INFO 289757 --- [api-gateway] [           main] w.s.c.ServletWebServerApplicationContext : Root WebApplicationContext: initialization completed in 703 ms
2026-04-22T20:42:01.665+05:30  INFO 289757 --- [api-gateway] [           main] DiscoveryClientOptionalArgsConfiguration : Eureka HTTP Client uses RestTemplate.
2026-04-22T20:42:01.783+05:30  WARN 289757 --- [api-gateway] [           main] iguration$LoadBalancerCaffeineWarnLogger : Spring Cloud LoadBalancer is currently working with the default cache. While this cache implementation is useful for development and tests, it's recommended to use Caffeine cache in production.You can switch to using Caffeine cache, by adding it and org.springframework.cache.caffeine.CaffeineCacheManager to the classpath.
2026-04-22T20:42:01.787+05:30  INFO 289757 --- [api-gateway] [           main] o.s.b.a.e.web.EndpointLinksResolver      : Exposing 2 endpoints beneath base path '/actuator'
2026-04-22T20:42:01.817+05:30  INFO 289757 --- [api-gateway] [           main] o.s.c.n.eureka.InstanceInfoFactory       : Setting initial instance status as: STARTING
2026-04-22T20:42:01.831+05:30  INFO 289757 --- [api-gateway] [           main] com.netflix.discovery.DiscoveryClient    : Initializing Eureka in region us-east-1
2026-04-22T20:42:01.833+05:30  INFO 289757 --- [api-gateway] [           main] c.n.d.s.r.aws.ConfigClusterResolver      : Resolving eureka endpoints via configuration
2026-04-22T20:42:01.838+05:30  INFO 289757 --- [api-gateway] [           main] com.netflix.discovery.DiscoveryClient    : Disable delta property : false
2026-04-22T20:42:01.838+05:30  INFO 289757 --- [api-gateway] [           main] com.netflix.discovery.DiscoveryClient    : Single vip registry refresh property : null
2026-04-22T20:42:01.838+05:30  INFO 289757 --- [api-gateway] [           main] com.netflix.discovery.DiscoveryClient    : Force full registry fetch : false
2026-04-22T20:42:01.838+05:30  INFO 289757 --- [api-gateway] [           main] com.netflix.discovery.DiscoveryClient    : Application is null : false
2026-04-22T20:42:01.838+05:30  INFO 289757 --- [api-gateway] [           main] com.netflix.discovery.DiscoveryClient    : Registered Applications size is zero : true
2026-04-22T20:42:01.838+05:30  INFO 289757 --- [api-gateway] [           main] com.netflix.discovery.DiscoveryClient    : Application version is -1: true
2026-04-22T20:42:01.838+05:30  INFO 289757 --- [api-gateway] [           main] com.netflix.discovery.DiscoveryClient    : Getting all instance registry info from the eureka server
2026-04-22T20:42:01.981+05:30  INFO 289757 --- [api-gateway] [           main] com.netflix.discovery.DiscoveryClient    : The response status is 200
2026-04-22T20:42:01.986+05:30  INFO 289757 --- [api-gateway] [           main] com.netflix.discovery.DiscoveryClient    : Starting heartbeat executor: renew interval is: 30
2026-04-22T20:42:01.988+05:30  INFO 289757 --- [api-gateway] [           main] c.n.discovery.InstanceInfoReplicator     : InstanceInfoReplicator onDemand update allowed rate per min is 4
2026-04-22T20:42:01.990+05:30  INFO 289757 --- [api-gateway] [           main] com.netflix.discovery.DiscoveryClient    : Discovery Client initialized at timestamp 1776870721989 with initial instances count: 6
2026-04-22T20:42:01.993+05:30  INFO 289757 --- [api-gateway] [           main] o.s.c.n.e.s.EurekaServiceRegistry        : Registering application API-GATEWAY with eureka with status UP
2026-04-22T20:42:01.993+05:30  INFO 289757 --- [api-gateway] [           main] com.netflix.discovery.DiscoveryClient    : Saw local status change event StatusChangeEvent [timestamp=1776870721993, current=UP, previous=STARTING]
2026-04-22T20:42:01.994+05:30  INFO 289757 --- [api-gateway] [foReplicator-%d] com.netflix.discovery.DiscoveryClient    : DiscoveryClient_API-GATEWAY/192.168.0.162:api-gateway:8080: registering service...
2026-04-22T20:42:02.005+05:30  INFO 289757 --- [api-gateway] [           main] o.s.b.w.embedded.tomcat.TomcatWebServer  : Tomcat started on port 8080 (http) with context path '/'
2026-04-22T20:42:02.006+05:30  INFO 289757 --- [api-gateway] [           main] .s.c.n.e.s.EurekaAutoServiceRegistration : Updating port to 8080
2026-04-22T20:42:02.019+05:30  INFO 289757 --- [api-gateway] [foReplicator-%d] com.netflix.discovery.DiscoveryClient    : DiscoveryClient_API-GATEWAY/192.168.0.162:api-gateway:8080 - registration status: 204
2026-04-22T20:42:02.041+05:30  INFO 289757 --- [api-gateway] [           main] c.s.api_gateway.ApiGatewayApplication    : Started ApiGatewayApplication in 2.16 seconds (process running for 2.452)
2026-04-22T20:42:02.064+05:30  WARN 289757 --- [api-gateway] [           main] yServerWebMvcPropertiesMigrationListener : 
The use of configuration keys that have been renamed was found in the environment:

Property source 'Config resource 'class path resource [application.yaml]' via location 'optional:classpath:/'':
	Key: spring.cloud.gateway.mvc.routes[0].id
		Line: 17
		Replacement: spring.cloud.gateway.server.webmvc.routes[0].id
	Key: spring.cloud.gateway.mvc.routes[0].uri
		Line: 18
		Replacement: spring.cloud.gateway.server.webmvc.routes[0].uri
	Key: spring.cloud.gateway.mvc.routes[0].predicates[0]
		Line: 20
		Replacement: spring.cloud.gateway.server.webmvc.routes[0].predicates[0]
	Key: spring.cloud.gateway.mvc.routes[1].id
		Line: 22
		Replacement: spring.cloud.gateway.server.webmvc.routes[1].id
	Key: spring.cloud.gateway.mvc.routes[1].uri
		Line: 23
		Replacement: spring.cloud.gateway.server.webmvc.routes[1].uri
	Key: spring.cloud.gateway.mvc.routes[1].predicates[0]
		Line: 25
		Replacement: spring.cloud.gateway.server.webmvc.routes[1].predicates[0]
	Key: spring.cloud.gateway.mvc.routes[2].id
		Line: 27
		Replacement: spring.cloud.gateway.server.webmvc.routes[2].id
	Key: spring.cloud.gateway.mvc.routes[2].uri
		Line: 28
		Replacement: spring.cloud.gateway.server.webmvc.routes[2].uri
	Key: spring.cloud.gateway.mvc.routes[2].predicates[0]
		Line: 30
		Replacement: spring.cloud.gateway.server.webmvc.routes[2].predicates[0]
	Key: spring.cloud.gateway.mvc.routes[3].id
		Line: 32
		Replacement: spring.cloud.gateway.server.webmvc.routes[3].id
	Key: spring.cloud.gateway.mvc.routes[3].uri
		Line: 33
		Replacement: spring.cloud.gateway.server.webmvc.routes[3].uri
	Key: spring.cloud.gateway.mvc.routes[3].predicates[0]
		Line: 35
		Replacement: spring.cloud.gateway.server.webmvc.routes[3].predicates[0]
	Key: spring.cloud.gateway.mvc.routes[4].id
		Line: 37
		Replacement: spring.cloud.gateway.server.webmvc.routes[4].id
	Key: spring.cloud.gateway.mvc.routes[4].uri
		Line: 38
		Replacement: spring.cloud.gateway.server.webmvc.routes[4].uri
	Key: spring.cloud.gateway.mvc.routes[4].predicates[0]
		Line: 40
		Replacement: spring.cloud.gateway.server.webmvc.routes[4].predicates[0]
	Key: spring.cloud.gateway.mvc.routes[5].id
		Line: 42
		Replacement: spring.cloud.gateway.server.webmvc.routes[5].id
	Key: spring.cloud.gateway.mvc.routes[5].uri
		Line: 43
		Replacement: spring.cloud.gateway.server.webmvc.routes[5].uri
	Key: spring.cloud.gateway.mvc.routes[5].predicates[0]
		Line: 45
		Replacement: spring.cloud.gateway.server.webmvc.routes[5].predicates[0]


Each configuration key has been temporarily mapped to its replacement for your convenience. To silence this warning, please update your configuration to use the new keys.

2026-04-22T20:42:02.065+05:30  WARN 289757 --- [api-gateway] [           main] o.s.b.c.p.m.PropertiesMigrationListener  : 
The use of configuration keys that have been renamed was found in the environment:

Property source 'Config resource 'class path resource [application.yaml]' via location 'optional:classpath:/'':
	Key: spring.cloud.gateway.mvc.http-client.connect-timeout
		Line: 68
		Replacement: spring.http.client.connect-timeout
	Key: spring.cloud.gateway.mvc.http-client.read-timeout
		Line: 69
		Replacement: spring.http.client.read-timeout


Each configuration key has been temporarily mapped to its replacement for your convenience. To silence this warning, please update your configuration to use the new keys.

2026-04-22T20:42:02.734+05:30  INFO 289757 --- [api-gateway] [nio-8080-exec-1] o.a.c.c.C.[Tomcat].[localhost].[/]       : Initializing Spring DispatcherServlet 'dispatcherServlet'
2026-04-22T20:42:02.735+05:30  INFO 289757 --- [api-gateway] [nio-8080-exec-1] o.s.web.servlet.DispatcherServlet        : Initializing Servlet 'dispatcherServlet'
2026-04-22T20:42:02.737+05:30  INFO 289757 --- [api-gateway] [nio-8080-exec-1] o.s.web.servlet.DispatcherServlet        : Completed initialization in 2 ms
2026-04-22T20:47:01.840+05:30  INFO 289757 --- [api-gateway] [rap-executor-%d] c.n.d.s.r.aws.ConfigClusterResolver      : Resolving eureka endpoints via configuration
2026-04-22T20:52:01.841+05:30  INFO 289757 --- [api-gateway] [rap-executor-%d] c.n.d.s.r.aws.ConfigClusterResolver      : Resolving eureka endpoints via configuration
2026-04-22T20:57:01.842+05:30  INFO 289757 --- [api-gateway] [rap-executor-%d] c.n.d.s.r.aws.ConfigClusterResolver      : Resolving eureka endpoints via configuration
2026-04-22T21:02:01.842+05:30  INFO 289757 --- [api-gateway] [rap-executor-%d] c.n.d.s.r.aws.ConfigClusterResolver      : Resolving eureka endpoints via configuration
2026-04-22T21:07:01.843+05:30  INFO 289757 --- [api-gateway] [rap-executor-%d] c.n.d.s.r.aws.ConfigClusterResolver      : Resolving eureka endpoints via configuration
2026-04-22T21:32:50.820+05:30  INFO 289757 --- [api-gateway] [rap-executor-%d] c.n.d.s.r.aws.ConfigClusterResolver      : Resolving eureka endpoints via configuration
2026-04-22T21:37:50.821+05:30  INFO 289757 --- [api-gateway] [rap-executor-%d] c.n.d.s.r.aws.ConfigClusterResolver      : Resolving eureka endpoints via configuration
2026-04-22T21:42:50.822+05:30  INFO 289757 --- [api-gateway] [rap-executor-%d] c.n.d.s.r.aws.ConfigClusterResolver      : Resolving eureka endpoints via configuration
2026-04-22T21:52:53.475+05:30  INFO 289757 --- [api-gateway] [rap-executor-%d] c.n.d.s.r.aws.ConfigClusterResolver      : Resolving eureka endpoints via configuration
