[INFO] Scanning for projects...
[INFO] 
[INFO] -----------------< com.sparepartshop:billing-service >------------------
[INFO] Building  0.0.1-SNAPSHOT
[INFO]   from pom.xml
[INFO] --------------------------------[ jar ]---------------------------------
[INFO] 
[INFO] >>> spring-boot:3.5.13:run (default-cli) > test-compile @ billing-service >>>
[INFO] 
[INFO] --- resources:3.3.1:resources (default-resources) @ billing-service ---
[INFO] Copying 1 resource from src/main/resources to target/classes
[INFO] Copying 0 resource from src/main/resources to target/classes
[INFO] 
[INFO] --- compiler:3.14.1:compile (default-compile) @ billing-service ---
[INFO] Nothing to compile - all classes are up to date.
[INFO] 
[INFO] --- resources:3.3.1:testResources (default-testResources) @ billing-service ---
[INFO] skip non existing resourceDirectory /home/vidit/Desktop/Microservices/billing-service/src/test/resources
[INFO] 
[INFO] --- compiler:3.14.1:testCompile (default-testCompile) @ billing-service ---
[INFO] Nothing to compile - all classes are up to date.
[INFO] 
[INFO] <<< spring-boot:3.5.13:run (default-cli) < test-compile @ billing-service <<<
[INFO] 
[INFO] 
[INFO] --- spring-boot:3.5.13:run (default-cli) @ billing-service ---
[INFO] Attaching agents: []

  .   ____          _            __ _ _
 /\\ / ___'_ __ _ _(_)_ __  __ _ \ \ \ \
( ( )\___ | '_ | '_| | '_ \/ _` | \ \ \ \
 \\/  ___)| |_)| | | | | || (_| |  ) ) ) )
  '  |____| .__|_| |_|_| |_\__, | / / / /
 =========|_|==============|___/=/_/_/_/

 :: Spring Boot ::               (v3.5.13)

2026-04-22T20:41:22.622+05:30  INFO 289151 --- [billing-service] [           main] c.s.b.BillingServiceApplication          : Starting BillingServiceApplication using Java 17.0.18 with PID 289151 (/home/vidit/Desktop/Microservices/billing-service/target/classes started by vidit in /home/vidit/Desktop/Microservices/billing-service)
2026-04-22T20:41:22.625+05:30  INFO 289151 --- [billing-service] [           main] c.s.b.BillingServiceApplication          : No active profile set, falling back to 1 default profile: "default"
2026-04-22T20:41:23.912+05:30  INFO 289151 --- [billing-service] [           main] .s.d.r.c.RepositoryConfigurationDelegate : Bootstrapping Spring Data JPA repositories in DEFAULT mode.
2026-04-22T20:41:24.073+05:30  INFO 289151 --- [billing-service] [           main] .s.d.r.c.RepositoryConfigurationDelegate : Finished Spring Data repository scanning in 146 ms. Found 1 JPA repository interface.
2026-04-22T20:41:24.330+05:30  INFO 289151 --- [billing-service] [           main] o.s.cloud.context.scope.GenericScope     : BeanFactory id=22f41689-40e3-3570-948e-4cd766d3e652
2026-04-22T20:41:24.724+05:30  INFO 289151 --- [billing-service] [           main] o.s.b.w.embedded.tomcat.TomcatWebServer  : Tomcat initialized with port 8085 (http)
2026-04-22T20:41:24.740+05:30  INFO 289151 --- [billing-service] [           main] o.apache.catalina.core.StandardService   : Starting service [Tomcat]
2026-04-22T20:41:24.740+05:30  INFO 289151 --- [billing-service] [           main] o.apache.catalina.core.StandardEngine    : Starting Servlet engine: [Apache Tomcat/10.1.53]
2026-04-22T20:41:24.789+05:30  INFO 289151 --- [billing-service] [           main] o.a.c.c.C.[Tomcat].[localhost].[/]       : Initializing Spring embedded WebApplicationContext
2026-04-22T20:41:24.791+05:30  INFO 289151 --- [billing-service] [           main] w.s.c.ServletWebServerApplicationContext : Root WebApplicationContext: initialization completed in 2088 ms
2026-04-22T20:41:24.970+05:30  INFO 289151 --- [billing-service] [           main] o.hibernate.jpa.internal.util.LogHelper  : HHH000204: Processing PersistenceUnitInfo [name: default]
2026-04-22T20:41:25.030+05:30  INFO 289151 --- [billing-service] [           main] org.hibernate.Version                    : HHH000412: Hibernate ORM core version 6.6.45.Final
2026-04-22T20:41:25.064+05:30  INFO 289151 --- [billing-service] [           main] o.h.c.internal.RegionFactoryInitiator    : HHH000026: Second-level cache disabled
2026-04-22T20:41:25.330+05:30  INFO 289151 --- [billing-service] [           main] o.s.o.j.p.SpringPersistenceUnitInfo      : No LoadTimeWeaver setup: ignoring JPA class transformer
2026-04-22T20:41:25.363+05:30  INFO 289151 --- [billing-service] [           main] com.zaxxer.hikari.HikariDataSource       : HikariPool-1 - Starting...
2026-04-22T20:41:25.703+05:30  INFO 289151 --- [billing-service] [           main] com.zaxxer.hikari.pool.HikariPool        : HikariPool-1 - Added connection com.mysql.cj.jdbc.ConnectionImpl@39ae6408
2026-04-22T20:41:25.708+05:30  INFO 289151 --- [billing-service] [           main] com.zaxxer.hikari.HikariDataSource       : HikariPool-1 - Start completed.
2026-04-22T20:41:25.804+05:30  INFO 289151 --- [billing-service] [           main] org.hibernate.orm.connections.pooling    : HHH10001005: Database info:
	Database JDBC URL [Connecting through datasource 'HikariDataSource (HikariPool-1)']
	Database driver: undefined/unknown
	Database version: 8.0.45
	Autocommit mode: undefined/unknown
	Isolation level: undefined/unknown
	Minimum pool size: undefined/unknown
	Maximum pool size: undefined/unknown
2026-04-22T20:41:26.859+05:30  INFO 289151 --- [billing-service] [           main] o.h.e.t.j.p.i.JtaPlatformInitiator       : HHH000489: No JTA platform available (set 'hibernate.transaction.jta.platform' to enable JTA platform integration)
Hibernate: alter table invoices modify column payment_mode enum ('CASH','CREDIT','UPI') not null
Hibernate: alter table invoices modify column payment_status enum ('PAID','PARTIAL','PENDING','VOIDED') not null
2026-04-22T20:41:26.964+05:30  INFO 289151 --- [billing-service] [           main] j.LocalContainerEntityManagerFactoryBean : Initialized JPA EntityManagerFactory for persistence unit 'default'
2026-04-22T20:41:27.369+05:30  WARN 289151 --- [billing-service] [           main] JpaBaseConfiguration$JpaWebConfiguration : spring.jpa.open-in-view is enabled by default. Therefore, database queries may be performed during view rendering. Explicitly configure spring.jpa.open-in-view to disable this warning
2026-04-22T20:41:27.532+05:30  INFO 289151 --- [billing-service] [           main] o.s.c.openfeign.FeignClientFactoryBean   : For 'customer-service' URL not provided. Will try picking an instance via load-balancing.
2026-04-22T20:41:28.180+05:30  INFO 289151 --- [billing-service] [           main] DiscoveryClientOptionalArgsConfiguration : Eureka HTTP Client uses RestTemplate.
2026-04-22T20:41:28.204+05:30  WARN 289151 --- [billing-service] [           main] iguration$LoadBalancerCaffeineWarnLogger : Spring Cloud LoadBalancer is currently working with the default cache. While this cache implementation is useful for development and tests, it's recommended to use Caffeine cache in production.You can switch to using Caffeine cache, by adding it and org.springframework.cache.caffeine.CaffeineCacheManager to the classpath.
2026-04-22T20:41:28.232+05:30  INFO 289151 --- [billing-service] [           main] o.s.c.n.eureka.InstanceInfoFactory       : Setting initial instance status as: STARTING
2026-04-22T20:41:28.255+05:30  INFO 289151 --- [billing-service] [           main] com.netflix.discovery.DiscoveryClient    : Initializing Eureka in region us-east-1
2026-04-22T20:41:28.259+05:30  INFO 289151 --- [billing-service] [           main] c.n.d.s.r.aws.ConfigClusterResolver      : Resolving eureka endpoints via configuration
2026-04-22T20:41:28.267+05:30  INFO 289151 --- [billing-service] [           main] com.netflix.discovery.DiscoveryClient    : Disable delta property : false
2026-04-22T20:41:28.267+05:30  INFO 289151 --- [billing-service] [           main] com.netflix.discovery.DiscoveryClient    : Single vip registry refresh property : null
2026-04-22T20:41:28.268+05:30  INFO 289151 --- [billing-service] [           main] com.netflix.discovery.DiscoveryClient    : Force full registry fetch : false
2026-04-22T20:41:28.268+05:30  INFO 289151 --- [billing-service] [           main] com.netflix.discovery.DiscoveryClient    : Application is null : false
2026-04-22T20:41:28.268+05:30  INFO 289151 --- [billing-service] [           main] com.netflix.discovery.DiscoveryClient    : Registered Applications size is zero : true
2026-04-22T20:41:28.268+05:30  INFO 289151 --- [billing-service] [           main] com.netflix.discovery.DiscoveryClient    : Application version is -1: true
2026-04-22T20:41:28.268+05:30  INFO 289151 --- [billing-service] [           main] com.netflix.discovery.DiscoveryClient    : Getting all instance registry info from the eureka server
2026-04-22T20:41:28.668+05:30  INFO 289151 --- [billing-service] [           main] com.netflix.discovery.DiscoveryClient    : The response status is 200
2026-04-22T20:41:28.670+05:30  INFO 289151 --- [billing-service] [           main] com.netflix.discovery.DiscoveryClient    : Starting heartbeat executor: renew interval is: 30
2026-04-22T20:41:28.671+05:30  INFO 289151 --- [billing-service] [           main] c.n.discovery.InstanceInfoReplicator     : InstanceInfoReplicator onDemand update allowed rate per min is 4
2026-04-22T20:41:28.673+05:30  INFO 289151 --- [billing-service] [           main] com.netflix.discovery.DiscoveryClient    : Discovery Client initialized at timestamp 1776870688672 with initial instances count: 0
2026-04-22T20:41:28.676+05:30  INFO 289151 --- [billing-service] [           main] o.s.c.n.e.s.EurekaServiceRegistry        : Registering application BILLING-SERVICE with eureka with status UP
2026-04-22T20:41:28.676+05:30  INFO 289151 --- [billing-service] [           main] com.netflix.discovery.DiscoveryClient    : Saw local status change event StatusChangeEvent [timestamp=1776870688676, current=UP, previous=STARTING]
2026-04-22T20:41:28.677+05:30  INFO 289151 --- [billing-service] [foReplicator-%d] com.netflix.discovery.DiscoveryClient    : DiscoveryClient_BILLING-SERVICE/192.168.0.162:billing-service:8085: registering service...
2026-04-22T20:41:28.687+05:30  INFO 289151 --- [billing-service] [           main] o.s.b.w.embedded.tomcat.TomcatWebServer  : Tomcat started on port 8085 (http) with context path '/'
2026-04-22T20:41:28.688+05:30  INFO 289151 --- [billing-service] [           main] .s.c.n.e.s.EurekaAutoServiceRegistration : Updating port to 8085
2026-04-22T20:41:28.724+05:30  INFO 289151 --- [billing-service] [foReplicator-%d] com.netflix.discovery.DiscoveryClient    : DiscoveryClient_BILLING-SERVICE/192.168.0.162:billing-service:8085 - registration status: 204
2026-04-22T20:41:28.773+05:30  INFO 289151 --- [billing-service] [           main] c.s.b.BillingServiceApplication          : Started BillingServiceApplication in 6.768 seconds (process running for 7.579)
2026-04-22T20:41:58.670+05:30  INFO 289151 --- [billing-service] [reshExecutor-%d] com.netflix.discovery.DiscoveryClient    : Disable delta property : false
2026-04-22T20:41:58.670+05:30  INFO 289151 --- [billing-service] [reshExecutor-%d] com.netflix.discovery.DiscoveryClient    : Single vip registry refresh property : null
2026-04-22T20:41:58.670+05:30  INFO 289151 --- [billing-service] [reshExecutor-%d] com.netflix.discovery.DiscoveryClient    : Force full registry fetch : false
2026-04-22T20:41:58.670+05:30  INFO 289151 --- [billing-service] [reshExecutor-%d] com.netflix.discovery.DiscoveryClient    : Application is null : false
2026-04-22T20:41:58.670+05:30  INFO 289151 --- [billing-service] [reshExecutor-%d] com.netflix.discovery.DiscoveryClient    : Registered Applications size is zero : true
2026-04-22T20:41:58.670+05:30  INFO 289151 --- [billing-service] [reshExecutor-%d] com.netflix.discovery.DiscoveryClient    : Application version is -1: false
2026-04-22T20:41:58.670+05:30  INFO 289151 --- [billing-service] [reshExecutor-%d] com.netflix.discovery.DiscoveryClient    : Getting all instance registry info from the eureka server
2026-04-22T20:41:58.687+05:30  INFO 289151 --- [billing-service] [reshExecutor-%d] com.netflix.discovery.DiscoveryClient    : The response status is 200
2026-04-22T20:46:28.270+05:30  INFO 289151 --- [billing-service] [rap-executor-%d] c.n.d.s.r.aws.ConfigClusterResolver      : Resolving eureka endpoints via configuration
2026-04-22T20:51:28.270+05:30  INFO 289151 --- [billing-service] [rap-executor-%d] c.n.d.s.r.aws.ConfigClusterResolver      : Resolving eureka endpoints via configuration
2026-04-22T20:56:28.271+05:30  INFO 289151 --- [billing-service] [rap-executor-%d] c.n.d.s.r.aws.ConfigClusterResolver      : Resolving eureka endpoints via configuration
2026-04-22T21:01:28.272+05:30  INFO 289151 --- [billing-service] [rap-executor-%d] c.n.d.s.r.aws.ConfigClusterResolver      : Resolving eureka endpoints via configuration
2026-04-22T21:06:28.273+05:30  INFO 289151 --- [billing-service] [rap-executor-%d] c.n.d.s.r.aws.ConfigClusterResolver      : Resolving eureka endpoints via configuration
2026-04-22T21:32:17.249+05:30  INFO 289151 --- [billing-service] [rap-executor-%d] c.n.d.s.r.aws.ConfigClusterResolver      : Resolving eureka endpoints via configuration
2026-04-22T21:37:17.250+05:30  INFO 289151 --- [billing-service] [rap-executor-%d] c.n.d.s.r.aws.ConfigClusterResolver      : Resolving eureka endpoints via configuration
2026-04-22T21:42:17.250+05:30  INFO 289151 --- [billing-service] [rap-executor-%d] c.n.d.s.r.aws.ConfigClusterResolver      : Resolving eureka endpoints via configuration
2026-04-22T21:52:19.902+05:30  INFO 289151 --- [billing-service] [rap-executor-%d] c.n.d.s.r.aws.ConfigClusterResolver      : Resolving eureka endpoints via configuration
