[INFO] Scanning for projects...
[INFO] 
[INFO] -----------------< com.sparepartshop:customer-service >-----------------
[INFO] Building  0.0.1-SNAPSHOT
[INFO]   from pom.xml
[INFO] --------------------------------[ jar ]---------------------------------
[INFO] 
[INFO] >>> spring-boot:3.5.13:run (default-cli) > test-compile @ customer-service >>>
[INFO] 
[INFO] --- resources:3.3.1:resources (default-resources) @ customer-service ---
[INFO] Copying 1 resource from src/main/resources to target/classes
[INFO] Copying 0 resource from src/main/resources to target/classes
[INFO] 
[INFO] --- compiler:3.14.1:compile (default-compile) @ customer-service ---
[INFO] Nothing to compile - all classes are up to date.
[INFO] 
[INFO] --- resources:3.3.1:testResources (default-testResources) @ customer-service ---
[INFO] skip non existing resourceDirectory /home/vidit/Desktop/Microservices/customer-service/src/test/resources
[INFO] 
[INFO] --- compiler:3.14.1:testCompile (default-testCompile) @ customer-service ---
[INFO] Nothing to compile - all classes are up to date.
[INFO] 
[INFO] <<< spring-boot:3.5.13:run (default-cli) < test-compile @ customer-service <<<
[INFO] 
[INFO] 
[INFO] --- spring-boot:3.5.13:run (default-cli) @ customer-service ---
[INFO] Attaching agents: []

  .   ____          _            __ _ _
 /\\ / ___'_ __ _ _(_)_ __  __ _ \ \ \ \
( ( )\___ | '_ | '_| | '_ \/ _` | \ \ \ \
 \\/  ___)| |_)| | | | | || (_| |  ) ) ) )
  '  |____| .__|_| |_|_| |_\__, | / / / /
 =========|_|==============|___/=/_/_/_/

 :: Spring Boot ::               (v3.5.13)

2026-04-22T20:41:22.517+05:30  INFO 289130 --- [customer-service] [           main] c.s.c.CustomerServiceApplication         : Starting CustomerServiceApplication using Java 17.0.18 with PID 289130 (/home/vidit/Desktop/Microservices/customer-service/target/classes started by vidit in /home/vidit/Desktop/Microservices/customer-service)
2026-04-22T20:41:22.523+05:30  INFO 289130 --- [customer-service] [           main] c.s.c.CustomerServiceApplication         : No active profile set, falling back to 1 default profile: "default"
2026-04-22T20:41:23.774+05:30  INFO 289130 --- [customer-service] [           main] .s.d.r.c.RepositoryConfigurationDelegate : Bootstrapping Spring Data JPA repositories in DEFAULT mode.
2026-04-22T20:41:23.933+05:30  INFO 289130 --- [customer-service] [           main] .s.d.r.c.RepositoryConfigurationDelegate : Finished Spring Data repository scanning in 148 ms. Found 1 JPA repository interface.
2026-04-22T20:41:24.176+05:30  INFO 289130 --- [customer-service] [           main] o.s.cloud.context.scope.GenericScope     : BeanFactory id=427d9d7c-9ce5-3e8a-a4de-0b3d62bae97f
2026-04-22T20:41:24.614+05:30  INFO 289130 --- [customer-service] [           main] o.s.b.w.embedded.tomcat.TomcatWebServer  : Tomcat initialized with port 8083 (http)
2026-04-22T20:41:24.629+05:30  INFO 289130 --- [customer-service] [           main] o.apache.catalina.core.StandardService   : Starting service [Tomcat]
2026-04-22T20:41:24.630+05:30  INFO 289130 --- [customer-service] [           main] o.apache.catalina.core.StandardEngine    : Starting Servlet engine: [Apache Tomcat/10.1.53]
2026-04-22T20:41:24.684+05:30  INFO 289130 --- [customer-service] [           main] o.a.c.c.C.[Tomcat].[localhost].[/]       : Initializing Spring embedded WebApplicationContext
2026-04-22T20:41:24.685+05:30  INFO 289130 --- [customer-service] [           main] w.s.c.ServletWebServerApplicationContext : Root WebApplicationContext: initialization completed in 2095 ms
2026-04-22T20:41:24.869+05:30  INFO 289130 --- [customer-service] [           main] o.hibernate.jpa.internal.util.LogHelper  : HHH000204: Processing PersistenceUnitInfo [name: default]
2026-04-22T20:41:24.914+05:30  INFO 289130 --- [customer-service] [           main] org.hibernate.Version                    : HHH000412: Hibernate ORM core version 6.6.45.Final
2026-04-22T20:41:24.944+05:30  INFO 289130 --- [customer-service] [           main] o.h.c.internal.RegionFactoryInitiator    : HHH000026: Second-level cache disabled
2026-04-22T20:41:25.230+05:30  INFO 289130 --- [customer-service] [           main] o.s.o.j.p.SpringPersistenceUnitInfo      : No LoadTimeWeaver setup: ignoring JPA class transformer
2026-04-22T20:41:25.260+05:30  INFO 289130 --- [customer-service] [           main] com.zaxxer.hikari.HikariDataSource       : HikariPool-1 - Starting...
2026-04-22T20:41:25.591+05:30  INFO 289130 --- [customer-service] [           main] com.zaxxer.hikari.pool.HikariPool        : HikariPool-1 - Added connection com.mysql.cj.jdbc.ConnectionImpl@74a5bef0
2026-04-22T20:41:25.592+05:30  INFO 289130 --- [customer-service] [           main] com.zaxxer.hikari.HikariDataSource       : HikariPool-1 - Start completed.
2026-04-22T20:41:25.697+05:30  INFO 289130 --- [customer-service] [           main] org.hibernate.orm.connections.pooling    : HHH10001005: Database info:
	Database JDBC URL [Connecting through datasource 'HikariDataSource (HikariPool-1)']
	Database driver: undefined/unknown
	Database version: 8.0.45
	Autocommit mode: undefined/unknown
	Isolation level: undefined/unknown
	Minimum pool size: undefined/unknown
	Maximum pool size: undefined/unknown
2026-04-22T20:41:26.724+05:30  INFO 289130 --- [customer-service] [           main] o.h.e.t.j.p.i.JtaPlatformInitiator       : HHH000489: No JTA platform available (set 'hibernate.transaction.jta.platform' to enable JTA platform integration)
2026-04-22T20:41:26.805+05:30  INFO 289130 --- [customer-service] [           main] j.LocalContainerEntityManagerFactoryBean : Initialized JPA EntityManagerFactory for persistence unit 'default'
2026-04-22T20:41:27.286+05:30  WARN 289130 --- [customer-service] [           main] JpaBaseConfiguration$JpaWebConfiguration : spring.jpa.open-in-view is enabled by default. Therefore, database queries may be performed during view rendering. Explicitly configure spring.jpa.open-in-view to disable this warning
2026-04-22T20:41:27.851+05:30  INFO 289130 --- [customer-service] [           main] DiscoveryClientOptionalArgsConfiguration : Eureka HTTP Client uses RestTemplate.
2026-04-22T20:41:27.896+05:30  WARN 289130 --- [customer-service] [           main] iguration$LoadBalancerCaffeineWarnLogger : Spring Cloud LoadBalancer is currently working with the default cache. While this cache implementation is useful for development and tests, it's recommended to use Caffeine cache in production.You can switch to using Caffeine cache, by adding it and org.springframework.cache.caffeine.CaffeineCacheManager to the classpath.
2026-04-22T20:41:27.928+05:30  INFO 289130 --- [customer-service] [           main] o.s.c.n.eureka.InstanceInfoFactory       : Setting initial instance status as: STARTING
2026-04-22T20:41:27.963+05:30  INFO 289130 --- [customer-service] [           main] com.netflix.discovery.DiscoveryClient    : Initializing Eureka in region us-east-1
2026-04-22T20:41:27.967+05:30  INFO 289130 --- [customer-service] [           main] c.n.d.s.r.aws.ConfigClusterResolver      : Resolving eureka endpoints via configuration
2026-04-22T20:41:27.978+05:30  INFO 289130 --- [customer-service] [           main] com.netflix.discovery.DiscoveryClient    : Disable delta property : false
2026-04-22T20:41:27.978+05:30  INFO 289130 --- [customer-service] [           main] com.netflix.discovery.DiscoveryClient    : Single vip registry refresh property : null
2026-04-22T20:41:27.978+05:30  INFO 289130 --- [customer-service] [           main] com.netflix.discovery.DiscoveryClient    : Force full registry fetch : false
2026-04-22T20:41:27.978+05:30  INFO 289130 --- [customer-service] [           main] com.netflix.discovery.DiscoveryClient    : Application is null : false
2026-04-22T20:41:27.979+05:30  INFO 289130 --- [customer-service] [           main] com.netflix.discovery.DiscoveryClient    : Registered Applications size is zero : true
2026-04-22T20:41:27.979+05:30  INFO 289130 --- [customer-service] [           main] com.netflix.discovery.DiscoveryClient    : Application version is -1: true
2026-04-22T20:41:27.979+05:30  INFO 289130 --- [customer-service] [           main] com.netflix.discovery.DiscoveryClient    : Getting all instance registry info from the eureka server
2026-04-22T20:41:28.435+05:30  INFO 289130 --- [customer-service] [           main] com.netflix.discovery.DiscoveryClient    : The response status is 200
2026-04-22T20:41:28.437+05:30  INFO 289130 --- [customer-service] [           main] com.netflix.discovery.DiscoveryClient    : Starting heartbeat executor: renew interval is: 30
2026-04-22T20:41:28.440+05:30  INFO 289130 --- [customer-service] [           main] c.n.discovery.InstanceInfoReplicator     : InstanceInfoReplicator onDemand update allowed rate per min is 4
2026-04-22T20:41:28.442+05:30  INFO 289130 --- [customer-service] [           main] com.netflix.discovery.DiscoveryClient    : Discovery Client initialized at timestamp 1776870688441 with initial instances count: 0
2026-04-22T20:41:28.445+05:30  INFO 289130 --- [customer-service] [           main] o.s.c.n.e.s.EurekaServiceRegistry        : Registering application CUSTOMER-SERVICE with eureka with status UP
2026-04-22T20:41:28.446+05:30  INFO 289130 --- [customer-service] [           main] com.netflix.discovery.DiscoveryClient    : Saw local status change event StatusChangeEvent [timestamp=1776870688446, current=UP, previous=STARTING]
2026-04-22T20:41:28.447+05:30  INFO 289130 --- [customer-service] [foReplicator-%d] com.netflix.discovery.DiscoveryClient    : DiscoveryClient_CUSTOMER-SERVICE/192.168.0.162:customer-service:8083: registering service...
2026-04-22T20:41:28.474+05:30  INFO 289130 --- [customer-service] [           main] o.s.b.w.embedded.tomcat.TomcatWebServer  : Tomcat started on port 8083 (http) with context path '/'
2026-04-22T20:41:28.476+05:30  INFO 289130 --- [customer-service] [           main] .s.c.n.e.s.EurekaAutoServiceRegistration : Updating port to 8083
2026-04-22T20:41:28.507+05:30  INFO 289130 --- [customer-service] [           main] c.s.c.CustomerServiceApplication         : Started CustomerServiceApplication in 6.639 seconds (process running for 7.776)
2026-04-22T20:41:28.581+05:30  INFO 289130 --- [customer-service] [foReplicator-%d] com.netflix.discovery.DiscoveryClient    : DiscoveryClient_CUSTOMER-SERVICE/192.168.0.162:customer-service:8083 - registration status: 204
2026-04-22T20:41:58.438+05:30  INFO 289130 --- [customer-service] [reshExecutor-%d] com.netflix.discovery.DiscoveryClient    : Disable delta property : false
2026-04-22T20:41:58.438+05:30  INFO 289130 --- [customer-service] [reshExecutor-%d] com.netflix.discovery.DiscoveryClient    : Single vip registry refresh property : null
2026-04-22T20:41:58.438+05:30  INFO 289130 --- [customer-service] [reshExecutor-%d] com.netflix.discovery.DiscoveryClient    : Force full registry fetch : false
2026-04-22T20:41:58.438+05:30  INFO 289130 --- [customer-service] [reshExecutor-%d] com.netflix.discovery.DiscoveryClient    : Application is null : false
2026-04-22T20:41:58.438+05:30  INFO 289130 --- [customer-service] [reshExecutor-%d] com.netflix.discovery.DiscoveryClient    : Registered Applications size is zero : true
2026-04-22T20:41:58.438+05:30  INFO 289130 --- [customer-service] [reshExecutor-%d] com.netflix.discovery.DiscoveryClient    : Application version is -1: false
2026-04-22T20:41:58.438+05:30  INFO 289130 --- [customer-service] [reshExecutor-%d] com.netflix.discovery.DiscoveryClient    : Getting all instance registry info from the eureka server
2026-04-22T20:41:58.455+05:30  INFO 289130 --- [customer-service] [reshExecutor-%d] com.netflix.discovery.DiscoveryClient    : The response status is 200
2026-04-22T20:46:27.981+05:30  INFO 289130 --- [customer-service] [rap-executor-%d] c.n.d.s.r.aws.ConfigClusterResolver      : Resolving eureka endpoints via configuration
2026-04-22T20:51:27.982+05:30  INFO 289130 --- [customer-service] [rap-executor-%d] c.n.d.s.r.aws.ConfigClusterResolver      : Resolving eureka endpoints via configuration
2026-04-22T20:56:27.982+05:30  INFO 289130 --- [customer-service] [rap-executor-%d] c.n.d.s.r.aws.ConfigClusterResolver      : Resolving eureka endpoints via configuration
2026-04-22T21:01:27.983+05:30  INFO 289130 --- [customer-service] [rap-executor-%d] c.n.d.s.r.aws.ConfigClusterResolver      : Resolving eureka endpoints via configuration
2026-04-22T21:06:27.984+05:30  INFO 289130 --- [customer-service] [rap-executor-%d] c.n.d.s.r.aws.ConfigClusterResolver      : Resolving eureka endpoints via configuration
2026-04-22T21:32:16.961+05:30  INFO 289130 --- [customer-service] [rap-executor-%d] c.n.d.s.r.aws.ConfigClusterResolver      : Resolving eureka endpoints via configuration
2026-04-22T21:37:16.961+05:30  INFO 289130 --- [customer-service] [rap-executor-%d] c.n.d.s.r.aws.ConfigClusterResolver      : Resolving eureka endpoints via configuration
2026-04-22T21:42:16.962+05:30  INFO 289130 --- [customer-service] [rap-executor-%d] c.n.d.s.r.aws.ConfigClusterResolver      : Resolving eureka endpoints via configuration
2026-04-22T21:52:19.614+05:30  INFO 289130 --- [customer-service] [rap-executor-%d] c.n.d.s.r.aws.ConfigClusterResolver      : Resolving eureka endpoints via configuration
