[INFO] Scanning for projects...
[INFO] 
[INFO] -----------------< com.sparepartshop:payment-service >------------------
[INFO] Building  0.0.1-SNAPSHOT
[INFO]   from pom.xml
[INFO] --------------------------------[ jar ]---------------------------------
[INFO] 
[INFO] >>> spring-boot:3.5.13:run (default-cli) > test-compile @ payment-service >>>
[INFO] 
[INFO] --- resources:3.3.1:resources (default-resources) @ payment-service ---
[INFO] Copying 1 resource from src/main/resources to target/classes
[INFO] Copying 0 resource from src/main/resources to target/classes
[INFO] 
[INFO] --- compiler:3.14.1:compile (default-compile) @ payment-service ---
[INFO] Nothing to compile - all classes are up to date.
[INFO] 
[INFO] --- resources:3.3.1:testResources (default-testResources) @ payment-service ---
[INFO] skip non existing resourceDirectory /home/vidit/Desktop/Microservices/payment-service/src/test/resources
[INFO] 
[INFO] --- compiler:3.14.1:testCompile (default-testCompile) @ payment-service ---
[INFO] Nothing to compile - all classes are up to date.
[INFO] 
[INFO] <<< spring-boot:3.5.13:run (default-cli) < test-compile @ payment-service <<<
[INFO] 
[INFO] 
[INFO] --- spring-boot:3.5.13:run (default-cli) @ payment-service ---
[INFO] Attaching agents: []

  .   ____          _            __ _ _
 /\\ / ___'_ __ _ _(_)_ __  __ _ \ \ \ \
( ( )\___ | '_ | '_| | '_ \/ _` | \ \ \ \
 \\/  ___)| |_)| | | | | || (_| |  ) ) ) )
  '  |____| .__|_| |_|_| |_\__, | / / / /
 =========|_|==============|___/=/_/_/_/

 :: Spring Boot ::               (v3.5.13)

2026-04-22T20:41:22.999+05:30  INFO 289237 --- [payment-service] [           main] c.s.p.PaymentServiceApplication          : Starting PaymentServiceApplication using Java 17.0.18 with PID 289237 (/home/vidit/Desktop/Microservices/payment-service/target/classes started by vidit in /home/vidit/Desktop/Microservices/payment-service)
2026-04-22T20:41:23.002+05:30  INFO 289237 --- [payment-service] [           main] c.s.p.PaymentServiceApplication          : No active profile set, falling back to 1 default profile: "default"
2026-04-22T20:41:24.139+05:30  INFO 289237 --- [payment-service] [           main] .s.d.r.c.RepositoryConfigurationDelegate : Bootstrapping Spring Data JPA repositories in DEFAULT mode.
2026-04-22T20:41:24.312+05:30  INFO 289237 --- [payment-service] [           main] .s.d.r.c.RepositoryConfigurationDelegate : Finished Spring Data repository scanning in 163 ms. Found 1 JPA repository interface.
2026-04-22T20:41:24.690+05:30  INFO 289237 --- [payment-service] [           main] o.s.cloud.context.scope.GenericScope     : BeanFactory id=9177b530-c1d4-35c9-87bb-608d79e8b61a
2026-04-22T20:41:25.101+05:30  INFO 289237 --- [payment-service] [           main] o.s.b.w.embedded.tomcat.TomcatWebServer  : Tomcat initialized with port 8086 (http)
2026-04-22T20:41:25.115+05:30  INFO 289237 --- [payment-service] [           main] o.apache.catalina.core.StandardService   : Starting service [Tomcat]
2026-04-22T20:41:25.116+05:30  INFO 289237 --- [payment-service] [           main] o.apache.catalina.core.StandardEngine    : Starting Servlet engine: [Apache Tomcat/10.1.53]
2026-04-22T20:41:25.173+05:30  INFO 289237 --- [payment-service] [           main] o.a.c.c.C.[Tomcat].[localhost].[/]       : Initializing Spring embedded WebApplicationContext
2026-04-22T20:41:25.174+05:30  INFO 289237 --- [payment-service] [           main] w.s.c.ServletWebServerApplicationContext : Root WebApplicationContext: initialization completed in 2071 ms
2026-04-22T20:41:25.351+05:30  INFO 289237 --- [payment-service] [           main] o.hibernate.jpa.internal.util.LogHelper  : HHH000204: Processing PersistenceUnitInfo [name: default]
2026-04-22T20:41:25.381+05:30  INFO 289237 --- [payment-service] [           main] org.hibernate.Version                    : HHH000412: Hibernate ORM core version 6.6.45.Final
2026-04-22T20:41:25.404+05:30  INFO 289237 --- [payment-service] [           main] o.h.c.internal.RegionFactoryInitiator    : HHH000026: Second-level cache disabled
2026-04-22T20:41:25.648+05:30  INFO 289237 --- [payment-service] [           main] o.s.o.j.p.SpringPersistenceUnitInfo      : No LoadTimeWeaver setup: ignoring JPA class transformer
2026-04-22T20:41:25.673+05:30  INFO 289237 --- [payment-service] [           main] com.zaxxer.hikari.HikariDataSource       : HikariPool-1 - Starting...
2026-04-22T20:41:26.032+05:30  INFO 289237 --- [payment-service] [           main] com.zaxxer.hikari.pool.HikariPool        : HikariPool-1 - Added connection com.mysql.cj.jdbc.ConnectionImpl@4c79ca55
2026-04-22T20:41:26.033+05:30  INFO 289237 --- [payment-service] [           main] com.zaxxer.hikari.HikariDataSource       : HikariPool-1 - Start completed.
2026-04-22T20:41:26.133+05:30  INFO 289237 --- [payment-service] [           main] org.hibernate.orm.connections.pooling    : HHH10001005: Database info:
	Database JDBC URL [Connecting through datasource 'HikariDataSource (HikariPool-1)']
	Database driver: undefined/unknown
	Database version: 8.0.45
	Autocommit mode: undefined/unknown
	Isolation level: undefined/unknown
	Minimum pool size: undefined/unknown
	Maximum pool size: undefined/unknown
2026-04-22T20:41:27.177+05:30  INFO 289237 --- [payment-service] [           main] o.h.e.t.j.p.i.JtaPlatformInitiator       : HHH000489: No JTA platform available (set 'hibernate.transaction.jta.platform' to enable JTA platform integration)
Hibernate: alter table payments modify column gateway_provider enum ('MOCK','RAZORPAY','STRIPE') not null
Hibernate: alter table payments modify column payment_method enum ('CARD','NETBANKING','UPI','WALLET') not null
Hibernate: alter table payments modify column status enum ('FAILED','INITIATED','PARTIAL_REFUND','PROCESSING','REFUNDED','SUCCESS') not null
2026-04-22T20:41:27.322+05:30  INFO 289237 --- [payment-service] [           main] j.LocalContainerEntityManagerFactoryBean : Initialized JPA EntityManagerFactory for persistence unit 'default'
2026-04-22T20:41:27.822+05:30  WARN 289237 --- [payment-service] [           main] JpaBaseConfiguration$JpaWebConfiguration : spring.jpa.open-in-view is enabled by default. Therefore, database queries may be performed during view rendering. Explicitly configure spring.jpa.open-in-view to disable this warning
2026-04-22T20:41:27.930+05:30  INFO 289237 --- [payment-service] [           main] o.s.c.openfeign.FeignClientFactoryBean   : For 'billing-service' URL not provided. Will try picking an instance via load-balancing.
2026-04-22T20:41:28.622+05:30  INFO 289237 --- [payment-service] [           main] DiscoveryClientOptionalArgsConfiguration : Eureka HTTP Client uses RestTemplate.
2026-04-22T20:41:28.651+05:30  WARN 289237 --- [payment-service] [           main] iguration$LoadBalancerCaffeineWarnLogger : Spring Cloud LoadBalancer is currently working with the default cache. While this cache implementation is useful for development and tests, it's recommended to use Caffeine cache in production.You can switch to using Caffeine cache, by adding it and org.springframework.cache.caffeine.CaffeineCacheManager to the classpath.
2026-04-22T20:41:28.680+05:30  INFO 289237 --- [payment-service] [           main] o.s.c.n.eureka.InstanceInfoFactory       : Setting initial instance status as: STARTING
2026-04-22T20:41:28.703+05:30  INFO 289237 --- [payment-service] [           main] com.netflix.discovery.DiscoveryClient    : Initializing Eureka in region us-east-1
2026-04-22T20:41:28.706+05:30  INFO 289237 --- [payment-service] [           main] c.n.d.s.r.aws.ConfigClusterResolver      : Resolving eureka endpoints via configuration
2026-04-22T20:41:28.713+05:30  INFO 289237 --- [payment-service] [           main] com.netflix.discovery.DiscoveryClient    : Disable delta property : false
2026-04-22T20:41:28.713+05:30  INFO 289237 --- [payment-service] [           main] com.netflix.discovery.DiscoveryClient    : Single vip registry refresh property : null
2026-04-22T20:41:28.713+05:30  INFO 289237 --- [payment-service] [           main] com.netflix.discovery.DiscoveryClient    : Force full registry fetch : false
2026-04-22T20:41:28.713+05:30  INFO 289237 --- [payment-service] [           main] com.netflix.discovery.DiscoveryClient    : Application is null : false
2026-04-22T20:41:28.713+05:30  INFO 289237 --- [payment-service] [           main] com.netflix.discovery.DiscoveryClient    : Registered Applications size is zero : true
2026-04-22T20:41:28.713+05:30  INFO 289237 --- [payment-service] [           main] com.netflix.discovery.DiscoveryClient    : Application version is -1: true
2026-04-22T20:41:28.713+05:30  INFO 289237 --- [payment-service] [           main] com.netflix.discovery.DiscoveryClient    : Getting all instance registry info from the eureka server
2026-04-22T20:41:28.956+05:30  INFO 289237 --- [payment-service] [           main] com.netflix.discovery.DiscoveryClient    : The response status is 200
2026-04-22T20:41:28.958+05:30  INFO 289237 --- [payment-service] [           main] com.netflix.discovery.DiscoveryClient    : Starting heartbeat executor: renew interval is: 30
2026-04-22T20:41:28.959+05:30  INFO 289237 --- [payment-service] [           main] c.n.discovery.InstanceInfoReplicator     : InstanceInfoReplicator onDemand update allowed rate per min is 4
2026-04-22T20:41:28.960+05:30  INFO 289237 --- [payment-service] [           main] com.netflix.discovery.DiscoveryClient    : Discovery Client initialized at timestamp 1776870688960 with initial instances count: 0
2026-04-22T20:41:28.963+05:30  INFO 289237 --- [payment-service] [           main] o.s.c.n.e.s.EurekaServiceRegistry        : Registering application PAYMENT-SERVICE with eureka with status UP
2026-04-22T20:41:28.964+05:30  INFO 289237 --- [payment-service] [           main] com.netflix.discovery.DiscoveryClient    : Saw local status change event StatusChangeEvent [timestamp=1776870688964, current=UP, previous=STARTING]
2026-04-22T20:41:28.965+05:30  INFO 289237 --- [payment-service] [foReplicator-%d] com.netflix.discovery.DiscoveryClient    : DiscoveryClient_PAYMENT-SERVICE/192.168.0.162:payment-service:8086: registering service...
2026-04-22T20:41:28.974+05:30  INFO 289237 --- [payment-service] [           main] o.s.b.w.embedded.tomcat.TomcatWebServer  : Tomcat started on port 8086 (http) with context path '/'
2026-04-22T20:41:28.975+05:30  INFO 289237 --- [payment-service] [           main] .s.c.n.e.s.EurekaAutoServiceRegistration : Updating port to 8086
2026-04-22T20:41:28.992+05:30  INFO 289237 --- [payment-service] [           main] c.s.p.PaymentServiceApplication          : Started PaymentServiceApplication in 6.76 seconds (process running for 7.376)
2026-04-22T20:41:28.995+05:30  INFO 289237 --- [payment-service] [foReplicator-%d] com.netflix.discovery.DiscoveryClient    : DiscoveryClient_PAYMENT-SERVICE/192.168.0.162:payment-service:8086 - registration status: 204
2026-04-22T20:41:58.958+05:30  INFO 289237 --- [payment-service] [reshExecutor-%d] com.netflix.discovery.DiscoveryClient    : Disable delta property : false
2026-04-22T20:41:58.958+05:30  INFO 289237 --- [payment-service] [reshExecutor-%d] com.netflix.discovery.DiscoveryClient    : Single vip registry refresh property : null
2026-04-22T20:41:58.958+05:30  INFO 289237 --- [payment-service] [reshExecutor-%d] com.netflix.discovery.DiscoveryClient    : Force full registry fetch : false
2026-04-22T20:41:58.958+05:30  INFO 289237 --- [payment-service] [reshExecutor-%d] com.netflix.discovery.DiscoveryClient    : Application is null : false
2026-04-22T20:41:58.958+05:30  INFO 289237 --- [payment-service] [reshExecutor-%d] com.netflix.discovery.DiscoveryClient    : Registered Applications size is zero : true
2026-04-22T20:41:58.958+05:30  INFO 289237 --- [payment-service] [reshExecutor-%d] com.netflix.discovery.DiscoveryClient    : Application version is -1: false
2026-04-22T20:41:58.958+05:30  INFO 289237 --- [payment-service] [reshExecutor-%d] com.netflix.discovery.DiscoveryClient    : Getting all instance registry info from the eureka server
2026-04-22T20:41:58.979+05:30  INFO 289237 --- [payment-service] [reshExecutor-%d] com.netflix.discovery.DiscoveryClient    : The response status is 200
2026-04-22T20:46:28.715+05:30  INFO 289237 --- [payment-service] [rap-executor-%d] c.n.d.s.r.aws.ConfigClusterResolver      : Resolving eureka endpoints via configuration
2026-04-22T20:51:28.716+05:30  INFO 289237 --- [payment-service] [rap-executor-%d] c.n.d.s.r.aws.ConfigClusterResolver      : Resolving eureka endpoints via configuration
2026-04-22T20:56:28.717+05:30  INFO 289237 --- [payment-service] [rap-executor-%d] c.n.d.s.r.aws.ConfigClusterResolver      : Resolving eureka endpoints via configuration
2026-04-22T21:01:28.718+05:30  INFO 289237 --- [payment-service] [rap-executor-%d] c.n.d.s.r.aws.ConfigClusterResolver      : Resolving eureka endpoints via configuration
2026-04-22T21:06:28.719+05:30  INFO 289237 --- [payment-service] [rap-executor-%d] c.n.d.s.r.aws.ConfigClusterResolver      : Resolving eureka endpoints via configuration
2026-04-22T21:32:17.695+05:30  INFO 289237 --- [payment-service] [rap-executor-%d] c.n.d.s.r.aws.ConfigClusterResolver      : Resolving eureka endpoints via configuration
2026-04-22T21:37:17.696+05:30  INFO 289237 --- [payment-service] [rap-executor-%d] c.n.d.s.r.aws.ConfigClusterResolver      : Resolving eureka endpoints via configuration
2026-04-22T21:42:17.697+05:30  INFO 289237 --- [payment-service] [rap-executor-%d] c.n.d.s.r.aws.ConfigClusterResolver      : Resolving eureka endpoints via configuration
2026-04-22T21:52:20.349+05:30  INFO 289237 --- [payment-service] [rap-executor-%d] c.n.d.s.r.aws.ConfigClusterResolver      : Resolving eureka endpoints via configuration
