[INFO] Scanning for projects...
[INFO] 
[INFO] -----------------< com.sparepartshop:product-service >------------------
[INFO] Building  0.0.1-SNAPSHOT
[INFO]   from pom.xml
[INFO] --------------------------------[ jar ]---------------------------------
[INFO] 
[INFO] >>> spring-boot:3.5.13:run (default-cli) > test-compile @ product-service >>>
[INFO] 
[INFO] --- resources:3.3.1:resources (default-resources) @ product-service ---
[INFO] Copying 1 resource from src/main/resources to target/classes
[INFO] Copying 0 resource from src/main/resources to target/classes
[INFO] 
[INFO] --- compiler:3.14.1:compile (default-compile) @ product-service ---
[INFO] Nothing to compile - all classes are up to date.
[INFO] 
[INFO] --- resources:3.3.1:testResources (default-testResources) @ product-service ---
[INFO] skip non existing resourceDirectory /home/vidit/Desktop/Microservices/product-service/src/test/resources
[INFO] 
[INFO] --- compiler:3.14.1:testCompile (default-testCompile) @ product-service ---
[INFO] Nothing to compile - all classes are up to date.
[INFO] 
[INFO] <<< spring-boot:3.5.13:run (default-cli) < test-compile @ product-service <<<
[INFO] 
[INFO] 
[INFO] --- spring-boot:3.5.13:run (default-cli) @ product-service ---
[INFO] Attaching agents: []

  .   ____          _            __ _ _
 /\\ / ___'_ __ _ _(_)_ __  __ _ \ \ \ \
( ( )\___ | '_ | '_| | '_ \/ _` | \ \ \ \
 \\/  ___)| |_)| | | | | || (_| |  ) ) ) )
  '  |____| .__|_| |_|_| |_\__, | / / / /
 =========|_|==============|___/=/_/_/_/

 :: Spring Boot ::               (v3.5.13)

2026-04-22T20:41:23.023+05:30  INFO 289192 --- [product-service] [           main] c.s.p.ProductServiceApplication          : Starting ProductServiceApplication using Java 17.0.18 with PID 289192 (/home/vidit/Desktop/Microservices/product-service/target/classes started by vidit in /home/vidit/Desktop/Microservices/product-service)
2026-04-22T20:41:23.027+05:30  INFO 289192 --- [product-service] [           main] c.s.p.ProductServiceApplication          : No active profile set, falling back to 1 default profile: "default"
2026-04-22T20:41:24.132+05:30  INFO 289192 --- [product-service] [           main] .s.d.r.c.RepositoryConfigurationDelegate : Bootstrapping Spring Data JPA repositories in DEFAULT mode.
2026-04-22T20:41:24.285+05:30  INFO 289192 --- [product-service] [           main] .s.d.r.c.RepositoryConfigurationDelegate : Finished Spring Data repository scanning in 143 ms. Found 1 JPA repository interface.
2026-04-22T20:41:24.490+05:30  INFO 289192 --- [product-service] [           main] o.s.cloud.context.scope.GenericScope     : BeanFactory id=2355d369-52fd-3c06-8d47-9e26308c7533
2026-04-22T20:41:24.916+05:30  INFO 289192 --- [product-service] [           main] o.s.b.w.embedded.tomcat.TomcatWebServer  : Tomcat initialized with port 8081 (http)
2026-04-22T20:41:24.934+05:30  INFO 289192 --- [product-service] [           main] o.apache.catalina.core.StandardService   : Starting service [Tomcat]
2026-04-22T20:41:24.935+05:30  INFO 289192 --- [product-service] [           main] o.apache.catalina.core.StandardEngine    : Starting Servlet engine: [Apache Tomcat/10.1.53]
2026-04-22T20:41:24.989+05:30  INFO 289192 --- [product-service] [           main] o.a.c.c.C.[Tomcat].[localhost].[/]       : Initializing Spring embedded WebApplicationContext
2026-04-22T20:41:24.990+05:30  INFO 289192 --- [product-service] [           main] w.s.c.ServletWebServerApplicationContext : Root WebApplicationContext: initialization completed in 1868 ms
2026-04-22T20:41:25.158+05:30  INFO 289192 --- [product-service] [           main] o.hibernate.jpa.internal.util.LogHelper  : HHH000204: Processing PersistenceUnitInfo [name: default]
2026-04-22T20:41:25.205+05:30  INFO 289192 --- [product-service] [           main] org.hibernate.Version                    : HHH000412: Hibernate ORM core version 6.6.45.Final
2026-04-22T20:41:25.236+05:30  INFO 289192 --- [product-service] [           main] o.h.c.internal.RegionFactoryInitiator    : HHH000026: Second-level cache disabled
2026-04-22T20:41:25.493+05:30  INFO 289192 --- [product-service] [           main] o.s.o.j.p.SpringPersistenceUnitInfo      : No LoadTimeWeaver setup: ignoring JPA class transformer
2026-04-22T20:41:25.523+05:30  INFO 289192 --- [product-service] [           main] com.zaxxer.hikari.HikariDataSource       : HikariPool-1 - Starting...
2026-04-22T20:41:25.886+05:30  INFO 289192 --- [product-service] [           main] com.zaxxer.hikari.pool.HikariPool        : HikariPool-1 - Added connection com.mysql.cj.jdbc.ConnectionImpl@1b8ee69d
2026-04-22T20:41:25.888+05:30  INFO 289192 --- [product-service] [           main] com.zaxxer.hikari.HikariDataSource       : HikariPool-1 - Start completed.
2026-04-22T20:41:26.014+05:30  INFO 289192 --- [product-service] [           main] org.hibernate.orm.connections.pooling    : HHH10001005: Database info:
	Database JDBC URL [Connecting through datasource 'HikariDataSource (HikariPool-1)']
	Database driver: undefined/unknown
	Database version: 8.0.45
	Autocommit mode: undefined/unknown
	Isolation level: undefined/unknown
	Minimum pool size: undefined/unknown
	Maximum pool size: undefined/unknown
2026-04-22T20:41:27.074+05:30  INFO 289192 --- [product-service] [           main] o.h.e.t.j.p.i.JtaPlatformInitiator       : HHH000489: No JTA platform available (set 'hibernate.transaction.jta.platform' to enable JTA platform integration)
Hibernate: alter table products modify column category enum ('BRAKE','CLUTCH','FILTER','OTHER') not null
2026-04-22T20:41:27.179+05:30  INFO 289192 --- [product-service] [           main] j.LocalContainerEntityManagerFactoryBean : Initialized JPA EntityManagerFactory for persistence unit 'default'
2026-04-22T20:41:27.593+05:30  WARN 289192 --- [product-service] [           main] JpaBaseConfiguration$JpaWebConfiguration : spring.jpa.open-in-view is enabled by default. Therefore, database queries may be performed during view rendering. Explicitly configure spring.jpa.open-in-view to disable this warning
2026-04-22T20:41:28.173+05:30  INFO 289192 --- [product-service] [           main] DiscoveryClientOptionalArgsConfiguration : Eureka HTTP Client uses RestTemplate.
2026-04-22T20:41:28.222+05:30  WARN 289192 --- [product-service] [           main] iguration$LoadBalancerCaffeineWarnLogger : Spring Cloud LoadBalancer is currently working with the default cache. While this cache implementation is useful for development and tests, it's recommended to use Caffeine cache in production.You can switch to using Caffeine cache, by adding it and org.springframework.cache.caffeine.CaffeineCacheManager to the classpath.
2026-04-22T20:41:28.257+05:30  INFO 289192 --- [product-service] [           main] o.s.c.n.eureka.InstanceInfoFactory       : Setting initial instance status as: STARTING
2026-04-22T20:41:28.315+05:30  INFO 289192 --- [product-service] [           main] com.netflix.discovery.DiscoveryClient    : Initializing Eureka in region us-east-1
2026-04-22T20:41:28.325+05:30  INFO 289192 --- [product-service] [           main] c.n.d.s.r.aws.ConfigClusterResolver      : Resolving eureka endpoints via configuration
2026-04-22T20:41:28.335+05:30  INFO 289192 --- [product-service] [           main] com.netflix.discovery.DiscoveryClient    : Disable delta property : false
2026-04-22T20:41:28.335+05:30  INFO 289192 --- [product-service] [           main] com.netflix.discovery.DiscoveryClient    : Single vip registry refresh property : null
2026-04-22T20:41:28.335+05:30  INFO 289192 --- [product-service] [           main] com.netflix.discovery.DiscoveryClient    : Force full registry fetch : false
2026-04-22T20:41:28.335+05:30  INFO 289192 --- [product-service] [           main] com.netflix.discovery.DiscoveryClient    : Application is null : false
2026-04-22T20:41:28.335+05:30  INFO 289192 --- [product-service] [           main] com.netflix.discovery.DiscoveryClient    : Registered Applications size is zero : true
2026-04-22T20:41:28.335+05:30  INFO 289192 --- [product-service] [           main] com.netflix.discovery.DiscoveryClient    : Application version is -1: true
2026-04-22T20:41:28.338+05:30  INFO 289192 --- [product-service] [           main] com.netflix.discovery.DiscoveryClient    : Getting all instance registry info from the eureka server
2026-04-22T20:41:28.718+05:30  INFO 289192 --- [product-service] [           main] com.netflix.discovery.DiscoveryClient    : The response status is 200
2026-04-22T20:41:28.720+05:30  INFO 289192 --- [product-service] [           main] com.netflix.discovery.DiscoveryClient    : Starting heartbeat executor: renew interval is: 30
2026-04-22T20:41:28.723+05:30  INFO 289192 --- [product-service] [           main] c.n.discovery.InstanceInfoReplicator     : InstanceInfoReplicator onDemand update allowed rate per min is 4
2026-04-22T20:41:28.725+05:30  INFO 289192 --- [product-service] [           main] com.netflix.discovery.DiscoveryClient    : Discovery Client initialized at timestamp 1776870688724 with initial instances count: 0
2026-04-22T20:41:28.729+05:30  INFO 289192 --- [product-service] [           main] o.s.c.n.e.s.EurekaServiceRegistry        : Registering application PRODUCT-SERVICE with eureka with status UP
2026-04-22T20:41:28.729+05:30  INFO 289192 --- [product-service] [           main] com.netflix.discovery.DiscoveryClient    : Saw local status change event StatusChangeEvent [timestamp=1776870688729, current=UP, previous=STARTING]
2026-04-22T20:41:28.730+05:30  INFO 289192 --- [product-service] [foReplicator-%d] com.netflix.discovery.DiscoveryClient    : DiscoveryClient_PRODUCT-SERVICE/192.168.0.162:product-service:8081: registering service...
2026-04-22T20:41:28.743+05:30  INFO 289192 --- [product-service] [           main] o.s.b.w.embedded.tomcat.TomcatWebServer  : Tomcat started on port 8081 (http) with context path '/'
2026-04-22T20:41:28.744+05:30  INFO 289192 --- [product-service] [           main] .s.c.n.e.s.EurekaAutoServiceRegistration : Updating port to 8081
2026-04-22T20:41:28.767+05:30  INFO 289192 --- [product-service] [foReplicator-%d] com.netflix.discovery.DiscoveryClient    : DiscoveryClient_PRODUCT-SERVICE/192.168.0.162:product-service:8081 - registration status: 204
2026-04-22T20:41:28.773+05:30  INFO 289192 --- [product-service] [           main] c.s.p.ProductServiceApplication          : Started ProductServiceApplication in 6.541 seconds (process running for 7.295)
2026-04-22T20:41:58.720+05:30  INFO 289192 --- [product-service] [reshExecutor-%d] com.netflix.discovery.DiscoveryClient    : Disable delta property : false
2026-04-22T20:41:58.720+05:30  INFO 289192 --- [product-service] [reshExecutor-%d] com.netflix.discovery.DiscoveryClient    : Single vip registry refresh property : null
2026-04-22T20:41:58.720+05:30  INFO 289192 --- [product-service] [reshExecutor-%d] com.netflix.discovery.DiscoveryClient    : Force full registry fetch : false
2026-04-22T20:41:58.720+05:30  INFO 289192 --- [product-service] [reshExecutor-%d] com.netflix.discovery.DiscoveryClient    : Application is null : false
2026-04-22T20:41:58.720+05:30  INFO 289192 --- [product-service] [reshExecutor-%d] com.netflix.discovery.DiscoveryClient    : Registered Applications size is zero : true
2026-04-22T20:41:58.721+05:30  INFO 289192 --- [product-service] [reshExecutor-%d] com.netflix.discovery.DiscoveryClient    : Application version is -1: false
2026-04-22T20:41:58.721+05:30  INFO 289192 --- [product-service] [reshExecutor-%d] com.netflix.discovery.DiscoveryClient    : Getting all instance registry info from the eureka server
2026-04-22T20:41:58.734+05:30  INFO 289192 --- [product-service] [reshExecutor-%d] com.netflix.discovery.DiscoveryClient    : The response status is 200
2026-04-22T20:42:25.718+05:30  INFO 289192 --- [product-service] [nio-8081-exec-1] o.a.c.c.C.[Tomcat].[localhost].[/]       : Initializing Spring DispatcherServlet 'dispatcherServlet'
2026-04-22T20:42:25.718+05:30  INFO 289192 --- [product-service] [nio-8081-exec-1] o.s.web.servlet.DispatcherServlet        : Initializing Servlet 'dispatcherServlet'
2026-04-22T20:42:25.719+05:30  INFO 289192 --- [product-service] [nio-8081-exec-1] o.s.web.servlet.DispatcherServlet        : Completed initialization in 1 ms
2026-04-22T20:42:25.739+05:30  INFO 289192 --- [product-service] [nio-8081-exec-1] c.s.p.controller.ProductController       : Received request to fetch all products
Hibernate: select p1_0.id,p1_0.active,p1_0.brand,p1_0.category,p1_0.created_at,p1_0.description,p1_0.name,p1_0.part_number,p1_0.price,p1_0.updated_at,p1_0.vehicle_compatibility,p1_0.version from products p1_0 where p1_0.active order by p1_0.created_at limit ?
2026-04-22T20:42:25.835+05:30  WARN 289192 --- [product-service] [nio-8081-exec-1] ration$PageModule$WarningLoggingModifier : Serializing PageImpl instances as-is is not supported, meaning that there is no guarantee about the stability of the resulting JSON structure!
	For a stable JSON structure, please use Spring Data's PagedModel (globally via @EnableSpringDataWebSupport(pageSerializationMode = VIA_DTO))
	or Spring HATEOAS and Spring Data's PagedResourcesAssembler as documented in https://docs.spring.io/spring-data/commons/reference/repositories/core-extensions.html#core.web.pageables.

2026-04-22T20:46:28.340+05:30  INFO 289192 --- [product-service] [rap-executor-%d] c.n.d.s.r.aws.ConfigClusterResolver      : Resolving eureka endpoints via configuration
2026-04-22T20:51:28.341+05:30  INFO 289192 --- [product-service] [rap-executor-%d] c.n.d.s.r.aws.ConfigClusterResolver      : Resolving eureka endpoints via configuration
2026-04-22T20:56:28.342+05:30  INFO 289192 --- [product-service] [rap-executor-%d] c.n.d.s.r.aws.ConfigClusterResolver      : Resolving eureka endpoints via configuration
2026-04-22T21:01:28.343+05:30  INFO 289192 --- [product-service] [rap-executor-%d] c.n.d.s.r.aws.ConfigClusterResolver      : Resolving eureka endpoints via configuration
2026-04-22T21:06:28.343+05:30  INFO 289192 --- [product-service] [rap-executor-%d] c.n.d.s.r.aws.ConfigClusterResolver      : Resolving eureka endpoints via configuration
2026-04-22T21:32:17.320+05:30  INFO 289192 --- [product-service] [rap-executor-%d] c.n.d.s.r.aws.ConfigClusterResolver      : Resolving eureka endpoints via configuration
2026-04-22T21:37:17.321+05:30  INFO 289192 --- [product-service] [rap-executor-%d] c.n.d.s.r.aws.ConfigClusterResolver      : Resolving eureka endpoints via configuration
2026-04-22T21:42:17.321+05:30  INFO 289192 --- [product-service] [rap-executor-%d] c.n.d.s.r.aws.ConfigClusterResolver      : Resolving eureka endpoints via configuration
2026-04-22T21:52:19.974+05:30  INFO 289192 --- [product-service] [rap-executor-%d] c.n.d.s.r.aws.ConfigClusterResolver      : Resolving eureka endpoints via configuration
